Start testing: May 15 17:38 中国标准时间
----------------------------------------------------------
1/9 Testing: test_memtable
1/9 Test: test_memtable
Command: "C:/Users/lenovo/Documents/AI Coding/keyvaluedb/build/bin/test_memtable.exe"
Directory: C:/Users/lenovo/Documents/AI Coding/keyvaluedb/build/bin
"test_memtable" start time: May 15 17:38 中国标准时间
Output:
----------------------------------------------------------
Running MemTable Tests...


=== Test Summary ===
Total:  185
Passed: 185
Failed: 0
<end of output>
Test time =   0.03 sec
----------------------------------------------------------
Test Passed.
"test_memtable" end time: May 15 17:38 中国标准时间
"test_memtable" time elapsed: 00:00:00
----------------------------------------------------------

2/9 Testing: test_sstable
2/9 Test: test_sstable
Command: "C:/Users/lenovo/Documents/AI Coding/keyvaluedb/build/bin/test_sstable.exe"
Directory: C:/Users/lenovo/Documents/AI Coding/keyvaluedb/build/bin
"test_sstable" start time: May 15 17:38 中国标准时间
Output:
----------------------------------------------------------
Running SSTable Tests...


=== Test Summary ===
Total:  3167
Passed: 3167
Failed: 0
<end of output>
Test time =   0.41 sec
----------------------------------------------------------
Test Passed.
"test_sstable" end time: May 15 17:38 中国标准时间
"test_sstable" time elapsed: 00:00:00
----------------------------------------------------------

3/9 Testing: test_engine
3/9 Test: test_engine
Command: "C:/Users/lenovo/Documents/AI Coding/keyvaluedb/build/bin/test_engine.exe"
Directory: C:/Users/lenovo/Documents/AI Coding/keyvaluedb/build/bin
"test_engine" start time: May 15 17:38 中国标准时间
Output:
----------------------------------------------------------
Running LSMTreeEngine Tests...

[Recovery] MANIFEST: 0 SSTables
[Recovery] MANIFEST: 0 SSTables
[Recovery] MANIFEST: 0 SSTables
[Recovery] MANIFEST: 0 SSTables
[Recovery] MANIFEST: 0 SSTables
[Recovery] MANIFEST: 0 SSTables
[Recovery] MANIFEST: 0 SSTables
[Recovery] MANIFEST: 0 SSTables
[Recovery] MANIFEST: 0 SSTables
[Recovery] MANIFEST: 0 SSTables
[Recovery] MANIFEST: 0 SSTables
[Recovery] MANIFEST: 0 SSTables
[Recovery] MANIFEST: 0 SSTables
[Recovery] MANIFEST: 0 SSTables
[Recovery] MANIFEST: 0 SSTables
[Recovery] MANIFEST: 0 SSTables
[Recovery] MANIFEST: 0 SSTables
[Recovery] MANIFEST: 0 SSTables
[Recovery] MANIFEST: 0 SSTables
[Recovery] MANIFEST: 0 SSTables
[Recovery] MANIFEST: 0 SSTables
[Recovery] MANIFEST: 0 SSTables
[Recovery] MANIFEST: 0 SSTables
[Recovery] MANIFEST: 0 SSTables
[Recovery] MANIFEST: 0 SSTables

=== Test Summary ===
Total:  1167
Passed: 1167
Failed: 0
<end of output>
Test time =  11.72 sec
----------------------------------------------------------
Test Passed.
"test_engine" end time: May 15 17:39 中国标准时间
"test_engine" time elapsed: 00:00:11
----------------------------------------------------------

4/9 Testing: test_wal
4/9 Test: test_wal
Command: "C:/Users/lenovo/Documents/AI Coding/keyvaluedb/build/bin/test_wal.exe"
Directory: C:/Users/lenovo/Documents/AI Coding/keyvaluedb/build/bin
"test_wal" start time: May 15 17:39 中国标准时间
Output:
----------------------------------------------------------
Running WAL Tests...


=== Test Summary ===
Total:  234
Passed: 234
Failed: 0
<end of output>
Test time =   0.06 sec
----------------------------------------------------------
Test Passed.
"test_wal" end time: May 15 17:39 中国标准时间
"test_wal" time elapsed: 00:00:00
----------------------------------------------------------

5/9 Testing: test_manifest
5/9 Test: test_manifest
Command: "C:/Users/lenovo/Documents/AI Coding/keyvaluedb/build/bin/test_manifest.exe"
Directory: C:/Users/lenovo/Documents/AI Coding/keyvaluedb/build/bin
"test_manifest" start time: May 15 17:39 中国标准时间
Output:
----------------------------------------------------------
Running Manifest Tests...


=== Test Summary ===
Total:  22
Passed: 22
Failed: 0
<end of output>
Test time =   0.05 sec
----------------------------------------------------------
Test Passed.
"test_manifest" end time: May 15 17:39 中国标准时间
"test_manifest" time elapsed: 00:00:00
----------------------------------------------------------

6/9 Testing: test_server
6/9 Test: test_server
Command: "C:/Users/lenovo/Documents/AI Coding/keyvaluedb/build/bin/test_server.exe"
Directory: C:/Users/lenovo/Documents/AI Coding/keyvaluedb/build/bin
"test_server" start time: May 15 17:39 中国标准时间
Output:
----------------------------------------------------------
Running Server Tests...

[Recovery] MANIFEST: 0 SSTables
[Recovery] MANIFEST: 0 SSTables
[Recovery] MANIFEST: 0 SSTables
[Recovery] MANIFEST: 0 SSTables
[Recovery] MANIFEST: 0 SSTables
[Recovery] MANIFEST: 0 SSTables

=== Test Summary ===
Total:  206
Passed: 206
Failed: 0
<end of output>
Test time =   0.89 sec
----------------------------------------------------------
Test Passed.
"test_server" end time: May 15 17:39 中国标准时间
"test_server" time elapsed: 00:00:00
----------------------------------------------------------

7/9 Testing: test_wfw
7/9 Test: test_wfw
Command: "C:/Users/lenovo/Documents/AI Coding/keyvaluedb/build/bin/test_wfw.exe"
Directory: C:/Users/lenovo/Documents/AI Coding/keyvaluedb/build/bin
"test_wfw" start time: May 15 17:39 中国标准时间
Output:
----------------------------------------------------------
ReadMetadata OK: entry_count=100 blocks=1 min_key=k0 max_key=k99
test_wfw PASSED
<end of output>
Test time =   0.03 sec
----------------------------------------------------------
Test Passed.
"test_wfw" end time: May 15 17:39 中国标准时间
"test_wfw" time elapsed: 00:00:00
----------------------------------------------------------

8/9 Testing: test_small
8/9 Test: test_small
Command: "C:/Users/lenovo/Documents/AI Coding/keyvaluedb/build/bin/test_small.exe"
Directory: C:/Users/lenovo/Documents/AI Coding/keyvaluedb/build/bin
"test_small" start time: May 15 17:39 中国标准时间
Output:
----------------------------------------------------------
ReadMetadata OK: entry_count=500 blocks=3
ReadAll: 500 entries
PASSED
<end of output>
Test time =   0.03 sec
----------------------------------------------------------
Test Passed.
"test_small" end time: May 15 17:39 中国标准时间
"test_small" time elapsed: 00:00:00
----------------------------------------------------------

9/9 Testing: test_restart
9/9 Test: test_restart
Command: "C:/Users/lenovo/Documents/AI Coding/keyvaluedb/build/bin/test_restart.exe"
Directory: C:/Users/lenovo/Documents/AI Coding/keyvaluedb/build/bin
"test_restart" start time: May 15 17:39 中国标准时间
Output:
----------------------------------------------------------
--- Phase 1: Write ---
[Recovery] MANIFEST: 0 SSTables
  SSTableCount: 1
  MemTableEntryCount: 0
  HasWALData: 1
  Lookup k25: v25
  (destroying engine)

--- Phase 2: Restart Recovery ---
[Recovery] MANIFEST: 1 SSTables
  [0] ./test_restart_data/sstable_0.sst entries=50
  SSTableCount: 1
  MemTableEntryCount: 0
  HasWALData: 0
  Lookup k25: v25

PASSED
<end of output>
Test time =   0.11 sec
----------------------------------------------------------
Test Passed.
"test_restart" end time: May 15 17:39 中国标准时间
"test_restart" time elapsed: 00:00:00
----------------------------------------------------------

End testing: May 15 17:39 中国标准时间
